  [1m[36m (1.2ms)[0m  [1mCREATE TABLE "schema_migrations" ("version" varchar NOT NULL) [0m
  [1m[35m (0.1ms)[0m  select sqlite_version(*)
  [1m[36m (11.2ms)[0m  [1mCREATE UNIQUE INDEX "unique_schema_migrations" ON "schema_migrations" ("version")[0m
  [1m[35mActiveRecord::SchemaMigration Load (0.1ms)[0m  SELECT "schema_migrations".* FROM "schema_migrations"
Migrating to CreateFilms (20160613082317)
  [1m[36m (0.1ms)[0m  [1mbegin transaction[0m
  [1m[35m (0.5ms)[0m  CREATE TABLE "films" ("id" INTEGER PRIMARY KEY AUTOINCREMENT NOT NULL, "name" varchar, "duration" integer, "rating" varchar, "genre" varchar, "created_at" datetime NOT NULL, "updated_at" datetime NOT NULL) 
  [1m[36mSQL (0.2ms)[0m  [1mINSERT INTO "schema_migrations" ("version") VALUES (?)[0m  [["version", "20160613082317"]]
  [1m[35m (1.3ms)[0m  commit transaction
  [1m[36mActiveRecord::SchemaMigration Load (0.1ms)[0m  [1mSELECT "schema_migrations".* FROM "schema_migrations"[0m
  [1m[36mActiveRecord::SchemaMigration Load (0.1ms)[0m  [1mSELECT "schema_migrations".* FROM "schema_migrations"[0m
Migrating to CreateCasts (20160613082501)
  [1m[35m (0.1ms)[0m  begin transaction
  [1m[36m (0.5ms)[0m  [1mCREATE TABLE "casts" ("id" INTEGER PRIMARY KEY AUTOINCREMENT NOT NULL, "name" varchar, "age" integer, "sex" varchar, "role" varchar, "created_at" datetime NOT NULL, "updated_at" datetime NOT NULL) [0m
  [1m[35mSQL (0.2ms)[0m  INSERT INTO "schema_migrations" ("version") VALUES (?)  [["version", "20160613082501"]]
  [1m[36m (1.3ms)[0m  [1mcommit transaction[0m
  [1m[35mActiveRecord::SchemaMigration Load (0.1ms)[0m  SELECT "schema_migrations".* FROM "schema_migrations"
  [1m[36mActiveRecord::SchemaMigration Load (0.1ms)[0m  [1mSELECT "schema_migrations".* FROM "schema_migrations"[0m
Migrating to CreateReviews (20160613082602)
  [1m[35m (0.1ms)[0m  begin transaction
  [1m[36m (0.5ms)[0m  [1mCREATE TABLE "reviews" ("id" INTEGER PRIMARY KEY AUTOINCREMENT NOT NULL, "comment" text, "rating" integer, "created_at" datetime NOT NULL, "updated_at" datetime NOT NULL) [0m
  [1m[35mSQL (0.2ms)[0m  INSERT INTO "schema_migrations" ("version") VALUES (?)  [["version", "20160613082602"]]
  [1m[36m (1.4ms)[0m  [1mcommit transaction[0m
  [1m[35mActiveRecord::SchemaMigration Load (0.1ms)[0m  SELECT "schema_migrations".* FROM "schema_migrations"
  [1m[36mActiveRecord::SchemaMigration Load (0.1ms)[0m  [1mSELECT "schema_migrations".* FROM "schema_migrations"[0m
Migrating to CreateActualnames (20160613082722)
  [1m[35m (0.1ms)[0m  begin transaction
  [1m[36m (0.5ms)[0m  [1mCREATE TABLE "actualnames" ("id" INTEGER PRIMARY KEY AUTOINCREMENT NOT NULL, "name" varchar, "age" integer, "sex" varchar, "created_at" datetime NOT NULL, "updated_at" datetime NOT NULL) [0m
  [1m[35mSQL (0.2ms)[0m  INSERT INTO "schema_migrations" ("version") VALUES (?)  [["version", "20160613082722"]]
  [1m[36m (1.3ms)[0m  [1mcommit transaction[0m
  [1m[35mActiveRecord::SchemaMigration Load (0.1ms)[0m  SELECT "schema_migrations".* FROM "schema_migrations"
  [1m[36m (0.2ms)[0m  [1mbegin transaction[0m
  [1m[35mSQL (16.5ms)[0m  INSERT INTO "films" ("name", "duration", "rating", "genre", "created_at", "updated_at") VALUES (?, ?, ?, ?, ?, ?)  [["name", "Xmen"], ["duration", 1], ["rating", "PS"], ["genre", "action"], ["created_at", "2016-06-13 08:51:08.978018"], ["updated_at", "2016-06-13 08:51:08.978018"]]
  [1m[36m (1.2ms)[0m  [1mcommit transaction[0m
  [1m[35mFilm Load (0.3ms)[0m  SELECT "films".* FROM "films"
  [1m[36m (0.1ms)[0m  [1mbegin transaction[0m
  [1m[35mSQL (15.0ms)[0m  INSERT INTO "films" ("name", "duration", "rating", "genre", "created_at", "updated_at") VALUES (?, ?, ?, ?, ?, ?)  [["name", "joker"], ["duration", 2], ["rating", "one"], ["genre", "comedy"], ["created_at", "2016-06-13 08:53:13.333634"], ["updated_at", "2016-06-13 08:53:13.333634"]]
  [1m[36m (11.3ms)[0m  [1mcommit transaction[0m
  [1m[35mFilm Load (0.3ms)[0m  SELECT "films".* FROM "films"
  [1m[36m (0.1ms)[0m  [1mbegin transaction[0m
  [1m[35mSQL (22.3ms)[0m  INSERT INTO "casts" ("name", "age", "sex", "role", "created_at", "updated_at") VALUES (?, ?, ?, ?, ?, ?)  [["name", "james"], ["age", 30], ["sex", "male"], ["role", "prof"], ["created_at", "2016-06-13 08:56:04.958573"], ["updated_at", "2016-06-13 08:56:04.958573"]]
  [1m[36m (1.8ms)[0m  [1mcommit transaction[0m
  [1m[35m (0.1ms)[0m  begin transaction
  [1m[36mSQL (0.4ms)[0m  [1mINSERT INTO "actualnames" ("id", "name", "sex", "created_at", "updated_at") VALUES (?, ?, ?, ?, ?)[0m  [["id", 1], ["name", "Charles"], ["sex", "male"], ["created_at", "2016-06-13 09:01:51.045606"], ["updated_at", "2016-06-13 09:01:51.045606"]]
  [1m[35m (6.0ms)[0m  commit transaction
  [1m[36m (0.1ms)[0m  [1mbegin transaction[0m
  [1m[35mSQL (1.0ms)[0m  INSERT INTO "reviews" ("comment", "rating", "created_at", "updated_at") VALUES (?, ?, ?, ?)  [["comment", "Very Fantastic movie."], ["rating", 4], ["created_at", "2016-06-13 09:08:05.466347"], ["updated_at", "2016-06-13 09:08:05.466347"]]
  [1m[36m (1.2ms)[0m  [1mcommit transaction[0m
  [1m[36mActiveRecord::SchemaMigration Load (0.1ms)[0m  [1mSELECT "schema_migrations".* FROM "schema_migrations"[0m
Migrating to AddFilmReferencesToCast (20160613083646)
  [1m[35m (0.1ms)[0m  begin transaction
  [1m[36m (0.6ms)[0m  [1mALTER TABLE "casts" ADD "flim_id" integer[0m
  [1m[35m (0.1ms)[0m  select sqlite_version(*)
  [1m[36m (0.2ms)[0m  [1mCREATE  INDEX "index_casts_on_flim_id" ON "casts" ("flim_id")[0m
  [1m[35mSQL (0.2ms)[0m  INSERT INTO "schema_migrations" ("version") VALUES (?)  [["version", "20160613083646"]]
  [1m[36m (1.5ms)[0m  [1mcommit transaction[0m
  [1m[35mActiveRecord::SchemaMigration Load (0.1ms)[0m  SELECT "schema_migrations".* FROM "schema_migrations"
  [1m[36m (0.2ms)[0m  [1m            SELECT sql
            FROM sqlite_master
            WHERE name='index_casts_on_flim_id' AND type='index'
            UNION ALL
            SELECT sql
            FROM sqlite_temp_master
            WHERE name='index_casts_on_flim_id' AND type='index'
[0m
  [1m[36mActiveRecord::SchemaMigration Load (0.1ms)[0m  [1mSELECT "schema_migrations".* FROM "schema_migrations"[0m
Migrating to AddReferencesToReview (20160613091626)
  [1m[35m (0.2ms)[0m  begin transaction
  [1m[36m (0.5ms)[0m  [1mALTER TABLE "reviews" ADD "film_id" integer[0m
  [1m[35m (0.1ms)[0m  select sqlite_version(*)
  [1m[36m (0.2ms)[0m  [1mCREATE  INDEX "index_reviews_on_film_id" ON "reviews" ("film_id")[0m
  [1m[35mSQL (0.2ms)[0m  INSERT INTO "schema_migrations" ("version") VALUES (?)  [["version", "20160613091626"]]
  [1m[36m (1.3ms)[0m  [1mcommit transaction[0m
  [1m[35mActiveRecord::SchemaMigration Load (0.1ms)[0m  SELECT "schema_migrations".* FROM "schema_migrations"
  [1m[36m (0.2ms)[0m  [1m            SELECT sql
            FROM sqlite_master
            WHERE name='index_casts_on_flim_id' AND type='index'
            UNION ALL
            SELECT sql
            FROM sqlite_temp_master
            WHERE name='index_casts_on_flim_id' AND type='index'
[0m
  [1m[35m (0.1ms)[0m              SELECT sql
            FROM sqlite_master
            WHERE name='index_reviews_on_film_id' AND type='index'
            UNION ALL
            SELECT sql
            FROM sqlite_temp_master
            WHERE name='index_reviews_on_film_id' AND type='index'

  [1m[36mReview Load (0.2ms)[0m  [1mSELECT  "reviews".* FROM "reviews"  ORDER BY "reviews"."id" DESC LIMIT 1[0m
  [1m[35mFilm Load (0.2ms)[0m  SELECT  "films".* FROM "films"  ORDER BY "films"."id" DESC LIMIT 1
  [1m[36mReview Load (0.3ms)[0m  [1mSELECT "reviews".* FROM "reviews" WHERE "reviews"."film_id" = ?[0m  [[nil, 2]]
  [1m[35m (0.2ms)[0m  begin transaction
  [1m[36mSQL (1.1ms)[0m  [1mUPDATE "reviews" SET "updated_at" = ? WHERE "reviews"."id" = ?[0m  [["updated_at", "2016-06-13 09:23:23.754204"], ["id", 1]]
  [1m[35m (1.2ms)[0m  commit transaction
  [1m[36m (0.1ms)[0m  [1mbegin transaction[0m
  [1m[35m (0.1ms)[0m  commit transaction
  [1m[36mReview Load (0.3ms)[0m  [1mSELECT  "reviews".* FROM "reviews"  ORDER BY "reviews"."id" DESC LIMIT 1[0m
  [1m[36mReview Load (0.2ms)[0m  [1mSELECT  "reviews".* FROM "reviews"  ORDER BY "reviews"."id" DESC LIMIT 1[0m
  [1m[35mReview Load (0.3ms)[0m  SELECT  "reviews".* FROM "reviews"  ORDER BY "reviews"."id" DESC LIMIT 1
  [1m[36mFilm Load (0.2ms)[0m  [1mSELECT  "films".* FROM "films"  ORDER BY "films"."id" DESC LIMIT 1[0m
  [1m[35m (0.1ms)[0m  begin transaction
  [1m[36mSQL (0.5ms)[0m  [1mUPDATE "reviews" SET "film_id" = ?, "updated_at" = ? WHERE "reviews"."id" = ?[0m  [["film_id", 2], ["updated_at", "2016-06-13 09:27:42.522073"], ["id", 1]]
  [1m[35m (1.2ms)[0m  commit transaction
  [1m[36mReview Load (0.2ms)[0m  [1mSELECT "reviews".* FROM "reviews" WHERE "reviews"."film_id" = ?[0m  [["film_id", 2]]
  [1m[35mReview Load (0.3ms)[0m  SELECT  "reviews".* FROM "reviews" WHERE "reviews"."id" = ? LIMIT 1  [["id", 1]]
  [1m[36mFilm Load (23.3ms)[0m  [1mSELECT "films".* FROM "films"[0m
  [1m[35m (0.1ms)[0m  begin transaction
  [1m[36m (0.1ms)[0m  [1mrollback transaction[0m
